================================================================================
Boot Cleaner
================================================================================
[~] Cleaning started at 2009-06-22 22:18


================================================================================
Boot Cleaner
================================================================================
[~] Cleaning started at 2009-06-22 23:01


================================================================================
Boot Cleaner
================================================================================
[~] Cleaning started at 2009-06-23 06:00


================================================================================
Boot Cleaner
================================================================================
[~] Cleaning started at 2009-06-23 14:12


================================================================================
Boot Cleaner
================================================================================
[~] Cleaning started at 2009-06-23 23:12


================================================================================
Boot Cleaner
================================================================================
[~] Cleaning started at 2009-06-24 22:35


================================================================================
Boot Cleaner
================================================================================
[~] Cleaning started at 2009-06-25 22:28


================================================================================
Boot Cleaner
================================================================================
[~] Cleaning started at 2009-06-26 14:40


================================================================================
Boot Cleaner
================================================================================
[~] Cleaning started at 2009-06-26 22:39


================================================================================
Boot Cleaner
================================================================================
[~] Cleaning started at 2009-06-27 22:54


================================================================================
Boot Cleaner
================================================================================
[~] Cleaning started at 2009-06-28 22:28


================================================================================
Boot Cleaner
================================================================================
[~] Cleaning started at 2009-06-29 23:33


================================================================================
Boot Cleaner
================================================================================
[~] Cleaning started at 2009-06-30 07:17


================================================================================
Boot Cleaner
================================================================================
[~] Cleaning started at 2009-06-30 22:32
[~] Preparing to execute queued commands
[~] Deleting file: C:\Documents and Settings\Administrator\Local Settings\Temporary Internet Files\Content.IE5\H4A92AWE\USBCleaner\KillAutoPlus.exe
[~] Finished processing queued commands


================================================================================
Boot Cleaner
================================================================================
[~] Cleaning started at 2009-07-01 22:27


================================================================================
Boot Cleaner
================================================================================
[~] Cleaning started at 2009-07-02 23:41


================================================================================
Boot Cleaner
================================================================================
[~] Cleaning started at 2009-07-03 22:59


================================================================================
Boot Cleaner
================================================================================
[~] Cleaning started at 2009-07-04 22:43


================================================================================
Boot Cleaner
================================================================================
[~] Cleaning started at 2009-07-06 02:29


================================================================================
Boot Cleaner
================================================================================
[~] Cleaning started at 2009-07-06 03:29


================================================================================
Boot Cleaner
================================================================================
[~] Cleaning started at 2009-07-06 04:04


================================================================================
Boot Cleaner
================================================================================
[~] Cleaning started at 2009-07-07 06:24


================================================================================
Boot Cleaner
================================================================================
[~] Cleaning started at 2009-07-08 00:33


================================================================================
Boot Cleaner
================================================================================
[~] Cleaning started at 2009-07-08 23:49


================================================================================
Boot Cleaner
================================================================================
[~] Cleaning started at 2009-07-09 23:26


================================================================================
Boot Cleaner
================================================================================
[~] Cleaning started at 2009-07-10 22:26


================================================================================
Boot Cleaner
================================================================================
[~] Cleaning started at 2009-07-11 22:31


================================================================================
Boot Cleaner
================================================================================
[~] Cleaning started at 2009-07-12 23:14


================================================================================
Boot Cleaner
================================================================================
[~] Cleaning started at 2009-07-13 22:43


================================================================================
Boot Cleaner
================================================================================
[~] Cleaning started at 2009-07-14 23:14


================================================================================
Boot Cleaner
================================================================================
[~] Cleaning started at 2009-07-15 22:39


================================================================================
Boot Cleaner
================================================================================
[~] Cleaning started at 2009-07-15 23:22


================================================================================
Boot Cleaner
================================================================================
[~] Cleaning started at 2009-07-16 23:30


================================================================================
Boot Cleaner
================================================================================
[~] Cleaning started at 2009-07-17 22:18


================================================================================
Boot Cleaner
================================================================================
[~] Cleaning started at 2009-07-18 07:12


================================================================================
Boot Cleaner
================================================================================
[~] Cleaning started at 2009-07-18 22:57


================================================================================
Boot Cleaner
================================================================================
[~] Cleaning started at 2009-07-19 23:22


================================================================================
Boot Cleaner
================================================================================
[~] Cleaning started at 2009-07-20 22:59


================================================================================
Boot Cleaner
================================================================================
[~] Cleaning started at 2009-07-21 03:14


================================================================================
Boot Cleaner
================================================================================
[~] Cleaning started at 2009-07-21 09:52


================================================================================
Boot Cleaner
================================================================================
[~] Cleaning started at 2009-07-21 14:14


================================================================================
Boot Cleaner
================================================================================
[~] Cleaning started at 2009-07-21 22:37


================================================================================
Boot Cleaner
================================================================================
[~] Cleaning started at 2009-07-22 22:18


================================================================================
Boot Cleaner
================================================================================
[~] Cleaning started at 2009-07-23 22:49
