2003.03.06 15:46 B C:\Documents and Settings\Administrator\My Documents\chmacc\chur-intr\大使命.files\buttons.gif --> life.fhl.net /home/church/twcama/WWW/chmacc/chmacc/chur-intr/大使命.files buttons.gif
2003.03.06 15:46 B C:\Documents and Settings\Administrator\My Documents\chmacc\chur-intr\大使命.files\filelist.xml --> life.fhl.net /home/church/twcama/WWW/chmacc/chmacc/chur-intr/大使命.files filelist.xml
2003.03.06 15:46 B C:\Documents and Settings\Administrator\My Documents\chmacc\chur-intr\大使命.files\frame.htm --> life.fhl.net /home/church/twcama/WWW/chmacc/chmacc/chur-intr/大使命.files frame.htm
2003.03.06 15:46 B C:\Documents and Settings\Administrator\My Documents\chmacc\chur-intr\大使命.files\fullscreen.htm --> life.fhl.net /home/church/twcama/WWW/chmacc/chmacc/chur-intr/大使命.files fullscreen.htm
2003.03.06 15:46 B C:\Documents and Settings\Administrator\My Documents\chmacc\chur-intr\大使命.files\master04.htm --> life.fhl.net /home/church/twcama/WWW/chmacc/chmacc/chur-intr/大使命.files master04.htm
2003.03.06 15:46 B C:\Documents and Settings\Administrator\My Documents\chmacc\chur-intr\大使命.files\master04.xml --> life.fhl.net /home/church/twcama/WWW/chmacc/chmacc/chur-intr/大使命.files master04.xml
2003.03.06 15:46 B C:\Documents and Settings\Administrator\My Documents\chmacc\chur-intr\大使命.files\master04_background.gif --> life.fhl.net /home/church/twcama/WWW/chmacc/chmacc/chur-intr/大使命.files master04_background.gif
2003.03.06 15:46 B C:\Documents and Settings\Administrator\My Documents\chmacc\chur-intr\大使命.files\master04_image001.gif --> life.fhl.net /home/church/twcama/WWW/chmacc/chmacc/chur-intr/大使命.files master04_image001.gif
2003.03.06 15:46 B C:\Documents and Settings\Administrator\My Documents\chmacc\chur-intr\大使命.files\master04_stylesheet.css --> life.fhl.net /home/church/twcama/WWW/chmacc/chmacc/chur-intr/大使命.files master04_stylesheet.css
2003.03.06 15:46 B C:\Documents and Settings\Administrator\My Documents\chmacc\chur-intr\大使命.files\master05.htm --> life.fhl.net /home/church/twcama/WWW/chmacc/chmacc/chur-intr/大使命.files master05.htm
2003.03.06 15:46 B C:\Documents and Settings\Administrator\My Documents\chmacc\chur-intr\大使命.files\master05.xml --> life.fhl.net /home/church/twcama/WWW/chmacc/chmacc/chur-intr/大使命.files master05.xml
2003.03.06 15:46 B C:\Documents and Settings\Administrator\My Documents\chmacc\chur-intr\大使命.files\outline.htm --> life.fhl.net /home/church/twcama/WWW/chmacc/chmacc/chur-intr/大使命.files outline.htm
2003.03.06 15:46 B C:\Documents and Settings\Administrator\My Documents\chmacc\chur-intr\大使命.files\pres.xml --> life.fhl.net /home/church/twcama/WWW/chmacc/chmacc/chur-intr/大使命.files pres.xml
2003.03.06 15:47 B C:\Documents and Settings\Administrator\My Documents\chmacc\chur-intr\大使命.files\preview.wmf --> life.fhl.net /home/church/twcama/WWW/chmacc/chmacc/chur-intr/大使命.files preview.wmf
2003.03.06 15:47 B C:\Documents and Settings\Administrator\My Documents\chmacc\chur-intr\大使命.files\script.js --> life.fhl.net /home/church/twcama/WWW/chmacc/chmacc/chur-intr/大使命.files script.js
2003.03.06 15:47 B C:\Documents and Settings\Administrator\My Documents\chmacc\chur-intr\大使命.files\slide0001.htm --> life.fhl.net /home/church/twcama/WWW/chmacc/chmacc/chur-intr/大使命.files slide0001.htm
2003.03.06 15:47 B C:\Documents and Settings\Administrator\My Documents\chmacc\chur-intr\大使命.files\slide0001_image002.gif --> life.fhl.net /home/church/twcama/WWW/chmacc/chmacc/chur-intr/大使命.files slide0001_image002.gif
2003.03.06 15:47 B C:\Documents and Settings\Administrator\My Documents\chmacc\chur-intr\大使命.files\slide0002.htm --> life.fhl.net /home/church/twcama/WWW/chmacc/chmacc/chur-intr/大使命.files slide0002.htm
2003.03.06 15:50 B C:\Documents and Settings\Administrator\My Documents\chmacc\chur-intr\大使命.files\buttons.gif --> life.fhl.net /home/church/twcama/WWW/chmacc/chur-intr/大使命.files buttons.gif
2003.03.06 15:50 B C:\Documents and Settings\Administrator\My Documents\chmacc\chur-intr\大使命.files\filelist.xml --> life.fhl.net /home/church/twcama/WWW/chmacc/chur-intr/大使命.files filelist.xml
2003.03.06 15:50 B C:\Documents and Settings\Administrator\My Documents\chmacc\chur-intr\大使命.files\frame.htm --> life.fhl.net /home/church/twcama/WWW/chmacc/chur-intr/大使命.files frame.htm
2003.03.06 15:50 B C:\Documents and Settings\Administrator\My Documents\chmacc\chur-intr\大使命.files\fullscreen.htm --> life.fhl.net /home/church/twcama/WWW/chmacc/chur-intr/大使命.files fullscreen.htm
2003.03.06 15:50 B C:\Documents and Settings\Administrator\My Documents\chmacc\chur-intr\大使命.files\master04.htm --> life.fhl.net /home/church/twcama/WWW/chmacc/chur-intr/大使命.files master04.htm
2003.03.06 15:50 B C:\Documents and Settings\Administrator\My Documents\chmacc\chur-intr\大使命.files\master04.xml --> life.fhl.net /home/church/twcama/WWW/chmacc/chur-intr/大使命.files master04.xml
2003.03.06 15:50 B C:\Documents and Settings\Administrator\My Documents\chmacc\chur-intr\大使命.files\master04_background.gif --> life.fhl.net /home/church/twcama/WWW/chmacc/chur-intr/大使命.files master04_background.gif
2003.03.06 15:51 B C:\Documents and Settings\Administrator\My Documents\chmacc\chur-intr\大使命.files\master04_image001.gif --> life.fhl.net /home/church/twcama/WWW/chmacc/chur-intr/大使命.files master04_image001.gif
2003.03.06 15:51 B C:\Documents and Settings\Administrator\My Documents\chmacc\chur-intr\大使命.files\master04_stylesheet.css --> life.fhl.net /home/church/twcama/WWW/chmacc/chur-intr/大使命.files master04_stylesheet.css
2003.03.06 15:51 B C:\Documents and Settings\Administrator\My Documents\chmacc\chur-intr\大使命.files\master05.htm --> life.fhl.net /home/church/twcama/WWW/chmacc/chur-intr/大使命.files master05.htm
2003.03.06 15:51 B C:\Documents and Settings\Administrator\My Documents\chmacc\chur-intr\大使命.files\master05.xml --> life.fhl.net /home/church/twcama/WWW/chmacc/chur-intr/大使命.files master05.xml
2003.03.06 15:51 B C:\Documents and Settings\Administrator\My Documents\chmacc\chur-intr\大使命.files\outline.htm --> life.fhl.net /home/church/twcama/WWW/chmacc/chur-intr/大使命.files outline.htm
2003.03.06 15:51 B C:\Documents and Settings\Administrator\My Documents\chmacc\chur-intr\大使命.files\pres.xml --> life.fhl.net /home/church/twcama/WWW/chmacc/chur-intr/大使命.files pres.xml
2003.03.06 15:51 B C:\Documents and Settings\Administrator\My Documents\chmacc\chur-intr\大使命.files\preview.wmf --> life.fhl.net /home/church/twcama/WWW/chmacc/chur-intr/大使命.files preview.wmf
2003.03.06 15:51 B C:\Documents and Settings\Administrator\My Documents\chmacc\chur-intr\大使命.files\script.js --> life.fhl.net /home/church/twcama/WWW/chmacc/chur-intr/大使命.files script.js
2003.03.06 15:51 B C:\Documents and Settings\Administrator\My Documents\chmacc\chur-intr\大使命.files\slide0001.htm --> life.fhl.net /home/church/twcama/WWW/chmacc/chur-intr/大使命.files slide0001.htm
2003.03.06 15:51 B C:\Documents and Settings\Administrator\My Documents\chmacc\chur-intr\大使命.files\slide0001_image002.gif --> life.fhl.net /home/church/twcama/WWW/chmacc/chur-intr/大使命.files slide0001_image002.gif
2003.03.06 15:51 B C:\Documents and Settings\Administrator\My Documents\chmacc\chur-intr\大使命.files\slide0002.htm --> life.fhl.net /home/church/twcama/WWW/chmacc/chur-intr/大使命.files slide0002.htm
2003.03.06 15:51 B C:\Documents and Settings\Administrator\My Documents\chmacc\chur-intr\大使命.files\WS_FTP.LOG --> life.fhl.net /home/church/twcama/WWW/chmacc/chur-intr/大使命.files WS_FTP.LOG
2003.03.06 15:57 B C:\Documents and Settings\Administrator\My Documents\chmacc\chur-intr\大使命.files\buttons.gif --> life.fhl.net /home/church/twcama/WWW/chmacc/chur-intr/大使命.files/大使命.files buttons.gif
2003.03.06 15:57 B C:\Documents and Settings\Administrator\My Documents\chmacc\chur-intr\大使命.files\filelist.xml --> life.fhl.net /home/church/twcama/WWW/chmacc/chur-intr/大使命.files/大使命.files filelist.xml
2003.03.06 15:57 B C:\Documents and Settings\Administrator\My Documents\chmacc\chur-intr\大使命.files\frame.htm --> life.fhl.net /home/church/twcama/WWW/chmacc/chur-intr/大使命.files/大使命.files frame.htm
2003.03.06 15:57 B C:\Documents and Settings\Administrator\My Documents\chmacc\chur-intr\大使命.files\fullscreen.htm --> life.fhl.net /home/church/twcama/WWW/chmacc/chur-intr/大使命.files/大使命.files fullscreen.htm
2003.03.06 15:57 B C:\Documents and Settings\Administrator\My Documents\chmacc\chur-intr\大使命.files\master04.htm --> life.fhl.net /home/church/twcama/WWW/chmacc/chur-intr/大使命.files/大使命.files master04.htm
2003.03.06 15:57 B C:\Documents and Settings\Administrator\My Documents\chmacc\chur-intr\大使命.files\master04.xml --> life.fhl.net /home/church/twcama/WWW/chmacc/chur-intr/大使命.files/大使命.files master04.xml
2003.03.06 15:57 B C:\Documents and Settings\Administrator\My Documents\chmacc\chur-intr\大使命.files\master04_background.gif --> life.fhl.net /home/church/twcama/WWW/chmacc/chur-intr/大使命.files/大使命.files master04_background.gif
2003.03.06 15:57 B C:\Documents and Settings\Administrator\My Documents\chmacc\chur-intr\大使命.files\master04_image001.gif --> life.fhl.net /home/church/twcama/WWW/chmacc/chur-intr/大使命.files/大使命.files master04_image001.gif
2003.03.06 15:57 B C:\Documents and Settings\Administrator\My Documents\chmacc\chur-intr\大使命.files\master04_stylesheet.css --> life.fhl.net /home/church/twcama/WWW/chmacc/chur-intr/大使命.files/大使命.files master04_stylesheet.css
2003.03.06 15:57 B C:\Documents and Settings\Administrator\My Documents\chmacc\chur-intr\大使命.files\master05.htm --> life.fhl.net /home/church/twcama/WWW/chmacc/chur-intr/大使命.files/大使命.files master05.htm
2003.03.06 15:57 B C:\Documents and Settings\Administrator\My Documents\chmacc\chur-intr\大使命.files\master05.xml --> life.fhl.net /home/church/twcama/WWW/chmacc/chur-intr/大使命.files/大使命.files master05.xml
2003.03.06 15:57 B C:\Documents and Settings\Administrator\My Documents\chmacc\chur-intr\大使命.files\outline.htm --> life.fhl.net /home/church/twcama/WWW/chmacc/chur-intr/大使命.files/大使命.files outline.htm
2003.03.06 15:57 B C:\Documents and Settings\Administrator\My Documents\chmacc\chur-intr\大使命.files\pres.xml --> life.fhl.net /home/church/twcama/WWW/chmacc/chur-intr/大使命.files/大使命.files pres.xml
2003.03.06 15:57 B C:\Documents and Settings\Administrator\My Documents\chmacc\chur-intr\大使命.files\preview.wmf --> life.fhl.net /home/church/twcama/WWW/chmacc/chur-intr/大使命.files/大使命.files preview.wmf
2003.03.06 15:57 B C:\Documents and Settings\Administrator\My Documents\chmacc\chur-intr\大使命.files\script.js --> life.fhl.net /home/church/twcama/WWW/chmacc/chur-intr/大使命.files/大使命.files script.js
2003.03.06 15:57 B C:\Documents and Settings\Administrator\My Documents\chmacc\chur-intr\大使命.files\slide0001.htm --> life.fhl.net /home/church/twcama/WWW/chmacc/chur-intr/大使命.files/大使命.files slide0001.htm
2003.03.06 15:57 B C:\Documents and Settings\Administrator\My Documents\chmacc\chur-intr\大使命.files\slide0001_image002.gif --> life.fhl.net /home/church/twcama/WWW/chmacc/chur-intr/大使命.files/大使命.files slide0001_image002.gif
2003.03.06 15:57 B C:\Documents and Settings\Administrator\My Documents\chmacc\chur-intr\大使命.files\slide0002.htm --> life.fhl.net /home/church/twcama/WWW/chmacc/chur-intr/大使命.files/大使命.files slide0002.htm
